<?xml version="1.0" encoding="UTF-8"?>
<testsuite name="com.mutant.dna.detector.MutantDnaDetectorApplicationTests" tests="1" skipped="0" failures="0" errors="0" timestamp="2022-06-22T05:13:37" hostname="MacBook-Pro-de-Adseglocdom.local" time="0.116">
  <properties/>
  <testcase name="contextLoads()" classname="com.mutant.dna.detector.MutantDnaDetectorApplicationTests" time="0.116"/>
  <system-out><![CDATA[00:13:28.982 [Test worker] DEBUG org.springframework.test.context.BootstrapUtils - Instantiating CacheAwareContextLoaderDelegate from class [org.springframework.test.context.cache.DefaultCacheAwareContextLoaderDelegate]
00:13:29.019 [Test worker] DEBUG org.springframework.test.context.BootstrapUtils - Instantiating BootstrapContext using constructor [public org.springframework.test.context.support.DefaultBootstrapContext(java.lang.Class,org.springframework.test.context.CacheAwareContextLoaderDelegate)]
00:13:29.110 [Test worker] DEBUG org.springframework.test.context.BootstrapUtils - Instantiating TestContextBootstrapper for test class [com.mutant.dna.detector.MutantDnaDetectorApplicationTests] from class [org.springframework.boot.test.context.SpringBootTestContextBootstrapper]
00:13:29.137 [Test worker] INFO org.springframework.boot.test.context.SpringBootTestContextBootstrapper - Neither @ContextConfiguration nor @ContextHierarchy found for test class [com.mutant.dna.detector.MutantDnaDetectorApplicationTests], using SpringBootContextLoader
00:13:29.146 [Test worker] DEBUG org.springframework.test.context.support.AbstractContextLoader - Did not detect default resource location for test class [com.mutant.dna.detector.MutantDnaDetectorApplicationTests]: class path resource [com/mutant/dna/detector/MutantDnaDetectorApplicationTests-context.xml] does not exist
00:13:29.147 [Test worker] DEBUG org.springframework.test.context.support.AbstractContextLoader - Did not detect default resource location for test class [com.mutant.dna.detector.MutantDnaDetectorApplicationTests]: class path resource [com/mutant/dna/detector/MutantDnaDetectorApplicationTestsContext.groovy] does not exist
00:13:29.147 [Test worker] INFO org.springframework.test.context.support.AbstractContextLoader - Could not detect default resource locations for test class [com.mutant.dna.detector.MutantDnaDetectorApplicationTests]: no resource found for suffixes {-context.xml, Context.groovy}.
00:13:29.149 [Test worker] INFO org.springframework.test.context.support.AnnotationConfigContextLoaderUtils - Could not detect default configuration classes for test class [com.mutant.dna.detector.MutantDnaDetectorApplicationTests]: MutantDnaDetectorApplicationTests does not declare any static, non-private, non-final, nested classes annotated with @Configuration.
00:13:29.235 [Test worker] DEBUG org.springframework.test.context.support.ActiveProfilesUtils - Could not find an 'annotation declaring class' for annotation type [org.springframework.test.context.ActiveProfiles] and class [com.mutant.dna.detector.MutantDnaDetectorApplicationTests]
00:13:29.383 [Test worker] DEBUG org.springframework.context.annotation.ClassPathScanningCandidateComponentProvider - Identified candidate component class: file [/Users/invitado/Desktop/mutant-dna-detector/build/classes/java/main/com/mutant/dna/detector/MutantDnaDetectorApplication.class]
00:13:29.384 [Test worker] INFO org.springframework.boot.test.context.SpringBootTestContextBootstrapper - Found @SpringBootConfiguration com.mutant.dna.detector.MutantDnaDetectorApplication for test class com.mutant.dna.detector.MutantDnaDetectorApplicationTests
00:13:29.635 [Test worker] DEBUG org.springframework.boot.test.context.SpringBootTestContextBootstrapper - @TestExecutionListeners is not present for class [com.mutant.dna.detector.MutantDnaDetectorApplicationTests]: using defaults.
00:13:29.636 [Test worker] INFO org.springframework.boot.test.context.SpringBootTestContextBootstrapper - Loaded default TestExecutionListener class names from location [META-INF/spring.factories]: [org.springframework.boot.test.autoconfigure.restdocs.RestDocsTestExecutionListener, org.springframework.boot.test.autoconfigure.web.client.MockRestServiceServerResetTestExecutionListener, org.springframework.boot.test.autoconfigure.web.servlet.MockMvcPrintOnlyOnFailureTestExecutionListener, org.springframework.boot.test.autoconfigure.web.servlet.WebDriverTestExecutionListener, org.springframework.boot.test.autoconfigure.webservices.client.MockWebServiceServerTestExecutionListener, org.springframework.boot.test.mock.mockito.MockitoTestExecutionListener, org.springframework.boot.test.mock.mockito.ResetMocksTestExecutionListener, org.springframework.test.context.web.ServletTestExecutionListener, org.springframework.test.context.support.DirtiesContextBeforeModesTestExecutionListener, org.springframework.test.context.event.ApplicationEventsTestExecutionListener, org.springframework.test.context.support.DependencyInjectionTestExecutionListener, org.springframework.test.context.support.DirtiesContextTestExecutionListener, org.springframework.test.context.transaction.TransactionalTestExecutionListener, org.springframework.test.context.jdbc.SqlScriptsTestExecutionListener, org.springframework.test.context.event.EventPublishingTestExecutionListener]
00:13:29.679 [Test worker] INFO org.springframework.boot.test.context.SpringBootTestContextBootstrapper - Using TestExecutionListeners: [org.springframework.test.context.web.ServletTestExecutionListener@663622b1, org.springframework.test.context.support.DirtiesContextBeforeModesTestExecutionListener@1be52113, org.springframework.test.context.event.ApplicationEventsTestExecutionListener@5badeda0, org.springframework.boot.test.mock.mockito.MockitoTestExecutionListener@56a9a7b5, org.springframework.boot.test.autoconfigure.SpringBootDependencyInjectionTestExecutionListener@1dd247b, org.springframework.test.context.support.DirtiesContextTestExecutionListener@338270ea, org.springframework.test.context.transaction.TransactionalTestExecutionListener@7f64bd7, org.springframework.test.context.jdbc.SqlScriptsTestExecutionListener@1c79d093, org.springframework.test.context.event.EventPublishingTestExecutionListener@746fd19b, org.springframework.boot.test.autoconfigure.restdocs.RestDocsTestExecutionListener@54caeadc, org.springframework.boot.test.autoconfigure.web.client.MockRestServiceServerResetTestExecutionListener@61d7bb61, org.springframework.boot.test.autoconfigure.web.servlet.MockMvcPrintOnlyOnFailureTestExecutionListener@33f81280, org.springframework.boot.test.autoconfigure.web.servlet.WebDriverTestExecutionListener@3991fe6d, org.springframework.boot.test.autoconfigure.webservices.client.MockWebServiceServerTestExecutionListener@3a0e7f89, org.springframework.boot.test.mock.mockito.ResetMocksTestExecutionListener@665ed71a]
00:13:29.687 [Test worker] DEBUG org.springframework.test.context.support.AbstractDirtiesContextTestExecutionListener - Before test class: context [DefaultTestContext@4d5ea776 testClass = MutantDnaDetectorApplicationTests, testInstance = [null], testMethod = [null], testException = [null], mergedContextConfiguration = [WebMergedContextConfiguration@5d68be4f testClass = MutantDnaDetectorApplicationTests, locations = '{}', classes = '{class com.mutant.dna.detector.MutantDnaDetectorApplication}', contextInitializerClasses = '[]', activeProfiles = '{}', propertySourceLocations = '{}', propertySourceProperties = '{org.springframework.boot.test.context.SpringBootTestContextBootstrapper=true}', contextCustomizers = set[org.springframework.boot.test.autoconfigure.actuate.metrics.MetricsExportContextCustomizerFactory$DisableMetricExportContextCustomizer@20a24edf, org.springframework.boot.test.autoconfigure.properties.PropertyMappingContextCustomizer@0, org.springframework.boot.test.autoconfigure.web.servlet.WebDriverContextCustomizerFactory$Customizer@5b1e88f, org.springframework.boot.test.context.filter.ExcludeFilterContextCustomizer@5ec88f9e, org.springframework.boot.test.json.DuplicateJsonObjectContextCustomizerFactory$DuplicateJsonObjectContextCustomizer@b5aa65b, org.springframework.boot.test.mock.mockito.MockitoContextCustomizer@0, org.springframework.boot.test.web.client.TestRestTemplateContextCustomizer@35025a0a, org.springframework.boot.test.context.SpringBootTestArgs@1, org.springframework.boot.test.context.SpringBootTestWebEnvironment@c446b14], resourceBasePath = 'src/main/webapp', contextLoader = 'org.springframework.boot.test.context.SpringBootContextLoader', parent = [null]], attributes = map['org.springframework.test.context.web.ServletTestExecutionListener.activateListener' -> true]], class annotated with @DirtiesContext [false] with mode [null].

  .   ____          _            __ _ _
 /\\ / ___'_ __ _ _(_)_ __  __ _ \ \ \ \
( ( )\___ | '_ | '_| | '_ \/ _` | \ \ \ \
 \\/  ___)| |_)| | | | | || (_| |  ) ) ) )
  '  |____| .__|_| |_|_| |_\__, | / / / /
 =========|_|==============|___/=/_/_/_/
 :: Spring Boot ::                (v2.7.0)

2022-06-22 00:13:30.315  INFO 65727 --- [    Test worker] .m.d.d.MutantDnaDetectorApplicationTests : Starting MutantDnaDetectorApplicationTests using Java 1.8.0_333 on MacBook-Pro-de-Adseglocdom.local with PID 65727 (started by invitado in /Users/invitado/Desktop/mutant-dna-detector)
2022-06-22 00:13:30.319  INFO 65727 --- [    Test worker] .m.d.d.MutantDnaDetectorApplicationTests : No active profile set, falling back to 1 default profile: "default"
2022-06-22 00:13:31.508  INFO 65727 --- [    Test worker] .s.d.r.c.RepositoryConfigurationDelegate : Bootstrapping Spring Data JPA repositories in DEFAULT mode.
2022-06-22 00:13:31.610  INFO 65727 --- [    Test worker] .s.d.r.c.RepositoryConfigurationDelegate : Finished Spring Data repository scanning in 82 ms. Found 2 JPA repository interfaces.
2022-06-22 00:13:32.681  INFO 65727 --- [    Test worker] o.hibernate.jpa.internal.util.LogHelper  : HHH000204: Processing PersistenceUnitInfo [name: default]
2022-06-22 00:13:32.807  INFO 65727 --- [    Test worker] org.hibernate.Version                    : HHH000412: Hibernate ORM core version 5.6.9.Final
2022-06-22 00:13:33.228  INFO 65727 --- [    Test worker] o.hibernate.annotations.common.Version   : HCANN000001: Hibernate Commons Annotations {5.1.2.Final}
2022-06-22 00:13:33.462  INFO 65727 --- [    Test worker] com.zaxxer.hikari.HikariDataSource       : HikariPool-1 - Starting...
2022-06-22 00:13:33.718  INFO 65727 --- [    Test worker] com.zaxxer.hikari.HikariDataSource       : HikariPool-1 - Start completed.
2022-06-22 00:13:33.762  INFO 65727 --- [    Test worker] org.hibernate.dialect.Dialect            : HHH000400: Using dialect: org.hibernate.dialect.PostgreSQL95Dialect
Hibernate: drop table if exists dna_samples cascade
2022-06-22 00:13:35.013  WARN 65727 --- [    Test worker] o.h.engine.jdbc.spi.SqlExceptionHelper   : SQL Warning Code: 0, SQLState: 00000
2022-06-22 00:13:35.013  WARN 65727 --- [    Test worker] o.h.engine.jdbc.spi.SqlExceptionHelper   : table "dna_samples" does not exist, skipping
Hibernate: drop table if exists dna_status cascade
2022-06-22 00:13:35.016  WARN 65727 --- [    Test worker] o.h.engine.jdbc.spi.SqlExceptionHelper   : SQL Warning Code: 0, SQLState: 00000
2022-06-22 00:13:35.016  WARN 65727 --- [    Test worker] o.h.engine.jdbc.spi.SqlExceptionHelper   : table "dna_status" does not exist, skipping
Hibernate: drop sequence if exists hibernate_sequence
2022-06-22 00:13:35.019  WARN 65727 --- [    Test worker] o.h.engine.jdbc.spi.SqlExceptionHelper   : SQL Warning Code: 0, SQLState: 00000
2022-06-22 00:13:35.019  WARN 65727 --- [    Test worker] o.h.engine.jdbc.spi.SqlExceptionHelper   : sequence "hibernate_sequence" does not exist, skipping
Hibernate: create sequence hibernate_sequence start 1 increment 1
Hibernate: create table dna_samples (id_dna int8 not null, dna varchar(255), is_mutant boolean, primary key (id_dna))
Hibernate: create table dna_status (mutants int4 not null, humans int4, ratio float8, primary key (mutants))
2022-06-22 00:13:35.046  INFO 65727 --- [    Test worker] o.h.e.t.j.p.i.JtaPlatformInitiator       : HHH000490: Using JtaPlatform implementation: [org.hibernate.engine.transaction.jta.platform.internal.NoJtaPlatform]
2022-06-22 00:13:35.061  INFO 65727 --- [    Test worker] j.LocalContainerEntityManagerFactoryBean : Initialized JPA EntityManagerFactory for persistence unit 'default'
2022-06-22 00:13:36.116  WARN 65727 --- [    Test worker] JpaBaseConfiguration$JpaWebConfiguration : spring.jpa.open-in-view is enabled by default. Therefore, database queries may be performed during view rendering. Explicitly configure spring.jpa.open-in-view to disable this warning
2022-06-22 00:13:37.001  INFO 65727 --- [    Test worker] .m.d.d.MutantDnaDetectorApplicationTests : Started MutantDnaDetectorApplicationTests in 7.234 seconds (JVM running for 9.78)
]]></system-out>
  <system-err><![CDATA[]]></system-err>
</testsuite>
